[0.393s] DEBUG:colcon:Command line arguments: ['/usr/bin/colcon', 'build', '--packages-select', 'hw_01', '--symlink-install', '--merge-install']
[0.393s] DEBUG:colcon:Parsed command line arguments: Namespace(log_base=None, log_level=None, verb_name='build', build_base='build', install_base='install', merge_install=True, symlink_install=True, test_result_base=None, continue_on_error=False, executor='parallel', parallel_workers=4, event_handlers=None, ignore_user_meta=False, metas=['./colcon.meta'], base_paths=['.'], packages_ignore=None, packages_ignore_regex=None, paths=None, packages_up_to=None, packages_up_to_regex=None, packages_above=None, packages_above_and_dependencies=None, packages_above_depth=None, packages_select_by_dep=None, packages_skip_by_dep=None, packages_skip_up_to=None, packages_select_build_failed=False, packages_skip_build_finished=False, packages_select_test_failures=False, packages_skip_test_passed=False, packages_select=['hw_01'], packages_skip=None, packages_select_regex=None, packages_skip_regex=None, packages_start=None, packages_end=None, allow_overriding=[], cmake_args=None, cmake_target=None, cmake_target_skip_unavailable=False, cmake_clean_cache=False, cmake_clean_first=False, cmake_force_configure=False, ament_cmake_args=None, catkin_cmake_args=None, catkin_skip_building_tests=False, mixin_files=None, mixin=None, verb_parser=<colcon_mixin.mixin.mixin_argument.MixinArgumentDecorator object at 0x782a5c449540>, verb_extension=<colcon_core.verb.build.BuildVerb object at 0x782a5c449090>, main=<bound method BuildVerb.main of <colcon_core.verb.build.BuildVerb object at 0x782a5c449090>>, mixin_verb=('build',))
[0.767s] Level 1:colcon.colcon_core.package_discovery:discover_packages(colcon_meta) check parameters
[0.767s] Level 1:colcon.colcon_core.package_discovery:discover_packages(recursive) check parameters
[0.767s] Level 1:colcon.colcon_core.package_discovery:discover_packages(ignore) check parameters
[0.767s] Level 1:colcon.colcon_core.package_discovery:discover_packages(path) check parameters
[0.767s] Level 1:colcon.colcon_core.package_discovery:discover_packages(colcon_meta) discover
[0.767s] Level 1:colcon.colcon_core.package_discovery:discover_packages(recursive) discover
[0.767s] INFO:colcon.colcon_core.package_discovery:Crawling recursively for packages in '/home/ngm/colcon_ws/src/hw_01'
[0.768s] Level 1:colcon.colcon_core.package_identification:_identify(.) by extensions ['ignore', 'ignore_ament_install']
[0.768s] Level 1:colcon.colcon_core.package_identification:_identify(.) by extension 'ignore'
[0.768s] Level 1:colcon.colcon_core.package_identification:_identify(.) by extension 'ignore_ament_install'
[0.768s] Level 1:colcon.colcon_core.package_identification:_identify(.) by extensions ['colcon_pkg']
[0.768s] Level 1:colcon.colcon_core.package_identification:_identify(.) by extension 'colcon_pkg'
[0.768s] Level 1:colcon.colcon_core.package_identification:_identify(.) by extensions ['colcon_meta']
[0.768s] Level 1:colcon.colcon_core.package_identification:_identify(.) by extension 'colcon_meta'
[0.768s] Level 1:colcon.colcon_core.package_identification:_identify(.) by extensions ['ros']
[0.768s] Level 1:colcon.colcon_core.package_identification:_identify(.) by extension 'ros'
[0.790s] DEBUG:colcon.colcon_core.package_identification:Package '.' with type 'ros.catkin' and name 'hw_01'
[0.790s] Level 1:colcon.colcon_core.package_discovery:discover_packages(recursive) using defaults
[0.791s] Level 1:colcon.colcon_core.package_discovery:discover_packages(ignore) discover
[0.791s] Level 1:colcon.colcon_core.package_discovery:discover_packages(ignore) using defaults
[0.791s] Level 1:colcon.colcon_core.package_discovery:discover_packages(path) discover
[0.791s] Level 1:colcon.colcon_core.package_discovery:discover_packages(path) using defaults
[0.843s] Level 1:colcon.colcon_core.package_discovery:discover_packages(prefix_path) check parameters
[0.843s] Level 1:colcon.colcon_core.package_discovery:discover_packages(prefix_path) discover
[0.848s] DEBUG:colcon.colcon_installed_package_information.package_discovery:Found 271 installed packages in /opt/ros/humble
[0.850s] Level 1:colcon.colcon_core.package_discovery:discover_packages(prefix_path) using defaults
[0.908s] Level 5:colcon.colcon_core.verb:set package 'hw_01' build argument 'cmake_args' from command line to 'None'
[0.909s] Level 5:colcon.colcon_core.verb:set package 'hw_01' build argument 'cmake_target' from command line to 'None'
[0.909s] Level 5:colcon.colcon_core.verb:set package 'hw_01' build argument 'cmake_target_skip_unavailable' from command line to 'False'
[0.909s] Level 5:colcon.colcon_core.verb:set package 'hw_01' build argument 'cmake_clean_cache' from command line to 'False'
[0.909s] Level 5:colcon.colcon_core.verb:set package 'hw_01' build argument 'cmake_clean_first' from command line to 'False'
[0.909s] Level 5:colcon.colcon_core.verb:set package 'hw_01' build argument 'cmake_force_configure' from command line to 'False'
[0.909s] Level 5:colcon.colcon_core.verb:set package 'hw_01' build argument 'ament_cmake_args' from command line to 'None'
[0.909s] Level 5:colcon.colcon_core.verb:set package 'hw_01' build argument 'catkin_cmake_args' from command line to 'None'
[0.909s] Level 5:colcon.colcon_core.verb:set package 'hw_01' build argument 'catkin_skip_building_tests' from command line to 'False'
[0.909s] DEBUG:colcon.colcon_core.verb:Building package 'hw_01' with the following arguments: {'ament_cmake_args': None, 'build_base': '/home/ngm/colcon_ws/src/hw_01/build/hw_01', 'catkin_cmake_args': None, 'catkin_skip_building_tests': False, 'cmake_args': None, 'cmake_clean_cache': False, 'cmake_clean_first': False, 'cmake_force_configure': False, 'cmake_target': None, 'cmake_target_skip_unavailable': False, 'install_base': '/home/ngm/colcon_ws/src/hw_01/install', 'merge_install': True, 'path': '/home/ngm/colcon_ws/src/hw_01', 'symlink_install': True, 'test_result_base': None}
[0.909s] INFO:colcon.colcon_core.executor:Executing jobs using 'parallel' executor
[0.910s] DEBUG:colcon.colcon_parallel_executor.executor.parallel:run_until_complete
[0.911s] INFO:colcon.colcon_ros.task.catkin.build:Building ROS package in '/home/ngm/colcon_ws/src/hw_01' with build type 'catkin'
[0.911s] INFO:colcon.colcon_cmake.task.cmake.build:Building CMake package in '/home/ngm/colcon_ws/src/hw_01'
[0.916s] INFO:colcon.colcon_core.plugin_system:Skipping extension 'colcon_core.shell.bat': Not used on non-Windows systems
[0.917s] INFO:colcon.colcon_core.shell:Skip shell extension 'powershell' for command environment: Not usable outside of PowerShell
[0.917s] DEBUG:colcon.colcon_core.shell:Skip shell extension 'dsv' for command environment
[0.927s] DEBUG:colcon.colcon_core.event_handler.log_command:Invoking command in '/home/ngm/colcon_ws/src/hw_01/build/hw_01': /usr/bin/cmake /home/ngm/colcon_ws/src/hw_01 -DCATKIN_INSTALL_INTO_PREFIX_ROOT=0 -DCATKIN_SYMLINK_INSTALL=ON -DCMAKE_INSTALL_PREFIX=/home/ngm/colcon_ws/src/hw_01/install
[3.009s] DEBUG:colcon.colcon_core.event_handler.log_command:Invoked command in '/home/ngm/colcon_ws/src/hw_01/build/hw_01' returned '1': /usr/bin/cmake /home/ngm/colcon_ws/src/hw_01 -DCATKIN_INSTALL_INTO_PREFIX_ROOT=0 -DCATKIN_SYMLINK_INSTALL=ON -DCMAKE_INSTALL_PREFIX=/home/ngm/colcon_ws/src/hw_01/install
[3.029s] Level 1:colcon.colcon_core.environment:create_environment_scripts_only(hw_01)
[3.037s] Level 1:colcon.colcon_core.environment:checking '/home/ngm/colcon_ws/src/hw_01/install' for CMake module files
[3.037s] Level 1:colcon.colcon_core.environment:checking '/home/ngm/colcon_ws/src/hw_01/install' for CMake config files
[3.038s] Level 1:colcon.colcon_core.environment:checking '/home/ngm/colcon_ws/src/hw_01/install/bin'
[3.038s] Level 1:colcon.colcon_core.environment:checking '/home/ngm/colcon_ws/src/hw_01/install/lib/pkgconfig/hw_01.pc'
[3.039s] Level 1:colcon.colcon_core.environment:checking '/home/ngm/colcon_ws/src/hw_01/install/lib/python3.10/site-packages'
[3.039s] Level 1:colcon.colcon_core.environment:checking '/home/ngm/colcon_ws/src/hw_01/install/bin'
[3.040s] INFO:colcon.colcon_core.shell:Creating package script '/home/ngm/colcon_ws/src/hw_01/install/share/hw_01/package.ps1'
[3.042s] INFO:colcon.colcon_core.shell:Creating package descriptor '/home/ngm/colcon_ws/src/hw_01/install/share/hw_01/package.dsv'
[3.043s] INFO:colcon.colcon_core.shell:Creating package script '/home/ngm/colcon_ws/src/hw_01/install/share/hw_01/package.sh'
[3.044s] INFO:colcon.colcon_core.shell:Creating package script '/home/ngm/colcon_ws/src/hw_01/install/share/hw_01/package.bash'
[3.046s] INFO:colcon.colcon_core.shell:Creating package script '/home/ngm/colcon_ws/src/hw_01/install/share/hw_01/package.zsh'
[3.047s] Level 1:colcon.colcon_core.environment:create_file_with_runtime_dependencies(/home/ngm/colcon_ws/src/hw_01/install/share/colcon-core/packages/hw_01)
[3.059s] DEBUG:colcon.colcon_parallel_executor.executor.parallel:closing loop
[3.059s] DEBUG:colcon.colcon_parallel_executor.executor.parallel:loop closed
[3.059s] DEBUG:colcon.colcon_parallel_executor.executor.parallel:run_until_complete finished with '1'
[3.059s] DEBUG:colcon.colcon_core.event_reactor:joining thread
[3.069s] INFO:colcon.colcon_core.plugin_system:Skipping extension 'colcon_notification.desktop_notification.terminal_notifier': Not used on non-Darwin systems
[3.069s] INFO:colcon.colcon_core.plugin_system:Skipping extension 'colcon_notification.desktop_notification.win32': Not used on non-Windows systems
[3.069s] INFO:colcon.colcon_notification.desktop_notification:Sending desktop notification using 'notify2'
[3.112s] DEBUG:colcon.colcon_core.event_reactor:joined thread
[3.113s] INFO:colcon.colcon_core.shell:Creating prefix script '/home/ngm/colcon_ws/src/hw_01/install/local_setup.ps1'
[3.115s] INFO:colcon.colcon_core.shell:Creating prefix util module '/home/ngm/colcon_ws/src/hw_01/install/_local_setup_util_ps1.py'
[3.119s] INFO:colcon.colcon_core.shell:Creating prefix chain script '/home/ngm/colcon_ws/src/hw_01/install/setup.ps1'
[3.122s] INFO:colcon.colcon_core.shell:Creating prefix script '/home/ngm/colcon_ws/src/hw_01/install/local_setup.sh'
[3.123s] INFO:colcon.colcon_core.shell:Creating prefix util module '/home/ngm/colcon_ws/src/hw_01/install/_local_setup_util_sh.py'
[3.125s] INFO:colcon.colcon_core.shell:Creating prefix chain script '/home/ngm/colcon_ws/src/hw_01/install/setup.sh'
[3.127s] INFO:colcon.colcon_core.shell:Creating prefix script '/home/ngm/colcon_ws/src/hw_01/install/local_setup.bash'
[3.129s] INFO:colcon.colcon_core.shell:Creating prefix chain script '/home/ngm/colcon_ws/src/hw_01/install/setup.bash'
[3.131s] INFO:colcon.colcon_core.shell:Creating prefix script '/home/ngm/colcon_ws/src/hw_01/install/local_setup.zsh'
[3.133s] INFO:colcon.colcon_core.shell:Creating prefix chain script '/home/ngm/colcon_ws/src/hw_01/install/setup.zsh'
