[0.015s] Invoking command in '/home/ngm/colcon_ws/src/hw_01/build/hw_01': /usr/bin/cmake /home/ngm/colcon_ws/src/hw_01 -DCATKIN_INSTALL_INTO_PREFIX_ROOT=0 -DCATKIN_SYMLINK_INSTALL=ON -DCMAKE_INSTALL_PREFIX=/home/ngm/colcon_ws/src/hw_01/install
[0.233s] -- The C compiler identification is GNU 11.4.0
[0.414s] -- The CXX compiler identification is GNU 11.4.0
[0.431s] -- Detecting C compiler ABI info
[0.583s] -- Detecting C compiler ABI info - done
[0.596s] -- Check for working C compiler: /usr/bin/cc - skipped
[0.609s] -- Detecting C compile features
[0.611s] -- Detecting C compile features - done
[0.621s] -- Detecting CXX compiler ABI info
[0.759s] -- Detecting CXX compiler ABI info - done
[0.773s] -- Check for working CXX compiler: /usr/bin/c++ - skipped
[0.774s] -- Detecting CXX compile features
[0.775s] -- Detecting CXX compile features - done
[0.787s] -- Found ament_cmake: 1.3.12 (/opt/ros/humble/share/ament_cmake/cmake)
[1.044s] -- Found Python3: /usr/bin/python3 (found version "3.10.12") found components: Interpreter 
[1.185s] -- Found rclcpp: 16.0.14 (/opt/ros/humble/share/rclcpp/cmake)
[1.257s] -- Found rosidl_generator_c: 3.1.7 (/opt/ros/humble/share/rosidl_generator_c/cmake)
[1.265s] -- Found rosidl_adapter: 3.1.7 (/opt/ros/humble/share/rosidl_adapter/cmake)
[1.281s] -- Found rosidl_generator_cpp: 3.1.7 (/opt/ros/humble/share/rosidl_generator_cpp/cmake)
[1.306s] -- Using all available rosidl_typesupport_c: rosidl_typesupport_fastrtps_c;rosidl_typesupport_introspection_c
[1.336s] -- Using all available rosidl_typesupport_cpp: rosidl_typesupport_fastrtps_cpp;rosidl_typesupport_introspection_cpp
[1.422s] -- Found rmw_implementation_cmake: 6.1.2 (/opt/ros/humble/share/rmw_implementation_cmake/cmake)
[1.426s] -- Found rmw_fastrtps_cpp: 6.2.8 (/opt/ros/humble/share/rmw_fastrtps_cpp/cmake)
[1.598s] -- Found OpenSSL: /usr/lib/x86_64-linux-gnu/libcrypto.so (found version "3.0.2")  
[1.639s] -- Found FastRTPS: /opt/ros/humble/include  
[1.700s] -- Using RMW implementation 'rmw_fastrtps_cpp' as default
[1.715s] -- Looking for pthread.h
[1.837s] -- Looking for pthread.h - found
[1.838s] -- Performing Test CMAKE_HAVE_LIBC_PTHREAD
[1.957s] -- Performing Test CMAKE_HAVE_LIBC_PTHREAD - Success
[1.957s] -- Found Threads: TRUE  
[2.081s] [31mCMake Error at CMakeLists.txt:15 (find_package):
[2.081s]   By not providing "Findcustom_interfaces.cmake" in CMAKE_MODULE_PATH this
[2.081s]   project has asked CMake to find a package configuration file provided by
[2.081s]   "custom_interfaces", but CMake did not find one.
[2.081s] 
[2.081s]   Could not find a package configuration file provided by "custom_interfaces"
[2.082s]   with any of the following names:
[2.082s] 
[2.082s]     custom_interfacesConfig.cmake
[2.082s]     custom_interfaces-config.cmake
[2.082s] 
[2.082s]   Add the installation prefix of "custom_interfaces" to CMAKE_PREFIX_PATH or
[2.082s]   set "custom_interfaces_DIR" to a directory containing one of the above
[2.083s]   files.  If "custom_interfaces" provides a separate development package or
[2.084s]   SDK, be sure it has been installed.
[2.084s] 
[2.084s] [0m
[2.084s] -- Configuring incomplete, errors occurred!
[2.084s] See also "/home/ngm/colcon_ws/src/hw_01/build/hw_01/CMakeFiles/CMakeOutput.log".
[2.098s] Invoked command in '/home/ngm/colcon_ws/src/hw_01/build/hw_01' returned '1': /usr/bin/cmake /home/ngm/colcon_ws/src/hw_01 -DCATKIN_INSTALL_INTO_PREFIX_ROOT=0 -DCATKIN_SYMLINK_INSTALL=ON -DCMAKE_INSTALL_PREFIX=/home/ngm/colcon_ws/src/hw_01/install
